Vivado Simulator v2021.1
Copyright 1986-1999, 2001-2021 Xilinx, Inc. All Rights Reserved.
Running: /tools/Xilinx/Vivado/2021.1/bin/unwrapped/lnx64.o/xelab -wto 873073de669a471f9f1cbf8d17808d9b --incr --debug typical --relax --mt 8 -L xil_defaultlib -L xbip_utils_v3_0_10 -L axi_utils_v2_0_6 -L xbip_pipe_v3_0_6 -L xbip_dsp48_wrapper_v3_0_4 -L xbip_dsp48_addsub_v3_0_6 -L xbip_dsp48_multadd_v3_0_6 -L xbip_bram18k_v3_0_6 -L mult_gen_v12_0_17 -L floating_point_v7_1_12 -L axi_infrastructure_v1_1_0 -L axi_vip_v1_1_10 -L processing_system7_vip_v1_0_12 -L uvm -L xilinx_vip -L unisims_ver -L unimacro_ver -L secureip -L xpm --snapshot zc702_top_behav xil_defaultlib.zc702_top xil_defaultlib.glbl -log elaborate.log 
Using 8 slave threads.
Starting static elaboration
Pass Through NonSizing Optimizer
WARNING: [VRFC 10-3091] actual bit length 128 differs from formal bit length 64 for port 'WR_DATA_STRB' [/scratch/proj/xbuilds/SWIP/2021.1_0610_2318/infra/XSIM/lin/.cxl.ip/incl/processing_system7_vip_v1_0_12_axi_gp.v:208]
WARNING: [VRFC 10-3091] actual bit length 12 differs from formal bit length 6 for port 'm_axi_bid' [/wrk/ci/prod/2021.1/sw/continuous/3932/packages/customer/vivado/data/ip/xilinx/processing_system7_vip_v1_0/hdl/processing_system7_vip_v1_0_vl_rfs.sv:5546]
WARNING: [VRFC 10-3091] actual bit length 12 differs from formal bit length 6 for port 'm_axi_rid' [/wrk/ci/prod/2021.1/sw/continuous/3932/packages/customer/vivado/data/ip/xilinx/processing_system7_vip_v1_0/hdl/processing_system7_vip_v1_0_vl_rfs.sv:5564]
WARNING: [VRFC 10-3091] actual bit length 128 differs from formal bit length 64 for port 'WR_DATA_STRB' [/scratch/proj/xbuilds/SWIP/2021.1_0610_2318/infra/XSIM/lin/.cxl.ip/incl/processing_system7_vip_v1_0_12_axi_gp.v:292]
WARNING: [VRFC 10-3091] actual bit length 8 differs from formal bit length 9 for port 'WR_BYTES' [/scratch/proj/xbuilds/SWIP/2021.1_0610_2318/infra/XSIM/lin/.cxl.ip/incl/processing_system7_vip_v1_0_12_axi_hp.v:80]
WARNING: [VRFC 10-3091] actual bit length 8 differs from formal bit length 9 for port 'RD_BYTES' [/scratch/proj/xbuilds/SWIP/2021.1_0610_2318/infra/XSIM/lin/.cxl.ip/incl/processing_system7_vip_v1_0_12_axi_hp.v:89]
WARNING: [VRFC 10-3091] actual bit length 12 differs from formal bit length 6 for port 'm_axi_bid' [/wrk/ci/prod/2021.1/sw/continuous/3932/packages/customer/vivado/data/ip/xilinx/processing_system7_vip_v1_0/hdl/processing_system7_vip_v1_0_vl_rfs.sv:10256]
WARNING: [VRFC 10-3091] actual bit length 12 differs from formal bit length 6 for port 'm_axi_rid' [/wrk/ci/prod/2021.1/sw/continuous/3932/packages/customer/vivado/data/ip/xilinx/processing_system7_vip_v1_0/hdl/processing_system7_vip_v1_0_vl_rfs.sv:10274]
WARNING: [VRFC 10-3091] actual bit length 32 differs from formal bit length 64 for port 'm_axi_rdata' [/wrk/ci/prod/2021.1/sw/continuous/3932/packages/customer/vivado/data/ip/xilinx/processing_system7_vip_v1_0/hdl/processing_system7_vip_v1_0_vl_rfs.sv:10275]
WARNING: [VRFC 10-3091] actual bit length 8 differs from formal bit length 9 for port 'WR_BYTES' [/scratch/proj/xbuilds/SWIP/2021.1_0610_2318/infra/XSIM/lin/.cxl.ip/incl/processing_system7_vip_v1_0_12_axi_hp.v:165]
WARNING: [VRFC 10-3091] actual bit length 8 differs from formal bit length 9 for port 'RD_BYTES' [/scratch/proj/xbuilds/SWIP/2021.1_0610_2318/infra/XSIM/lin/.cxl.ip/incl/processing_system7_vip_v1_0_12_axi_hp.v:174]
WARNING: [VRFC 10-3091] actual bit length 8 differs from formal bit length 9 for port 'WR_BYTES' [/scratch/proj/xbuilds/SWIP/2021.1_0610_2318/infra/XSIM/lin/.cxl.ip/incl/processing_system7_vip_v1_0_12_axi_hp.v:251]
WARNING: [VRFC 10-3091] actual bit length 8 differs from formal bit length 9 for port 'RD_BYTES' [/scratch/proj/xbuilds/SWIP/2021.1_0610_2318/infra/XSIM/lin/.cxl.ip/incl/processing_system7_vip_v1_0_12_axi_hp.v:260]
WARNING: [VRFC 10-3091] actual bit length 8 differs from formal bit length 9 for port 'WR_BYTES' [/scratch/proj/xbuilds/SWIP/2021.1_0610_2318/infra/XSIM/lin/.cxl.ip/incl/processing_system7_vip_v1_0_12_axi_hp.v:337]
WARNING: [VRFC 10-3091] actual bit length 8 differs from formal bit length 9 for port 'RD_BYTES' [/scratch/proj/xbuilds/SWIP/2021.1_0610_2318/infra/XSIM/lin/.cxl.ip/incl/processing_system7_vip_v1_0_12_axi_hp.v:346]
WARNING: [VRFC 10-3091] actual bit length 12 differs from formal bit length 3 for port 'm_axi_bid' [/wrk/ci/prod/2021.1/sw/continuous/3932/packages/customer/vivado/data/ip/xilinx/processing_system7_vip_v1_0/hdl/processing_system7_vip_v1_0_vl_rfs.sv:7157]
WARNING: [VRFC 10-3091] actual bit length 12 differs from formal bit length 3 for port 'm_axi_rid' [/wrk/ci/prod/2021.1/sw/continuous/3932/packages/customer/vivado/data/ip/xilinx/processing_system7_vip_v1_0/hdl/processing_system7_vip_v1_0_vl_rfs.sv:7175]
WARNING: [VRFC 10-3091] actual bit length 32 differs from formal bit length 64 for port 'm_axi_rdata' [/wrk/ci/prod/2021.1/sw/continuous/3932/packages/customer/vivado/data/ip/xilinx/processing_system7_vip_v1_0/hdl/processing_system7_vip_v1_0_vl_rfs.sv:7176]
WARNING: [VRFC 10-3091] actual bit length 32 differs from formal bit length 1 for port 'enb' [/home/mahmoudsamy/grad/ZC702/platform/Xilinx/DPRAM.v:85]
WARNING: [VRFC 10-3091] actual bit length 32 differs from formal bit length 1 for port 'injectdbiterra' [/home/mahmoudsamy/grad/ZC702/platform/Xilinx/DPRAM.v:86]
WARNING: [VRFC 10-3091] actual bit length 32 differs from formal bit length 1 for port 'injectsbiterra' [/home/mahmoudsamy/grad/ZC702/platform/Xilinx/DPRAM.v:89]
WARNING: [VRFC 10-3091] actual bit length 32 differs from formal bit length 1 for port 'regceb' [/home/mahmoudsamy/grad/ZC702/platform/Xilinx/DPRAM.v:92]
WARNING: [VRFC 10-3091] actual bit length 32 differs from formal bit length 1 for port 'rstb' [/home/mahmoudsamy/grad/ZC702/platform/Xilinx/DPRAM.v:94]
WARNING: [VRFC 10-3091] actual bit length 32 differs from formal bit length 1 for port 'sleep' [/home/mahmoudsamy/grad/ZC702/platform/Xilinx/DPRAM.v:97]
WARNING: [VRFC 10-3091] actual bit length 32 differs from formal bit length 1 for port 'enb' [/home/mahmoudsamy/grad/ZC702/platform/Xilinx/DPRAM_DUAL_CLOCK.v:77]
WARNING: [VRFC 10-3091] actual bit length 32 differs from formal bit length 1 for port 'regceb' [/home/mahmoudsamy/grad/ZC702/platform/Xilinx/DPRAM_DUAL_CLOCK.v:78]
WARNING: [VRFC 10-3091] actual bit length 32 differs from formal bit length 1 for port 'rsta' [/home/mahmoudsamy/grad/ZC702/platform/Xilinx/DPRAM_DUAL_CLOCK.v:80]
WARNING: [VRFC 10-3091] actual bit length 32 differs from formal bit length 1 for port 'rstb' [/home/mahmoudsamy/grad/ZC702/platform/Xilinx/DPRAM_DUAL_CLOCK.v:82]
WARNING: [VRFC 10-3091] actual bit length 32 differs from formal bit length 1 for port 'regcea' [/home/mahmoudsamy/grad/ZC702/platform/Xilinx/DPRAM_DUAL_CLOCK.v:91]
WARNING: [VRFC 10-3091] actual bit length 32 differs from formal bit length 1 for port 'enb' [/home/mahmoudsamy/grad/ZC702/platform/Xilinx/DPRAM_BE.v:82]
WARNING: [VRFC 10-3091] actual bit length 32 differs from formal bit length 1 for port 'injectdbiterra' [/home/mahmoudsamy/grad/ZC702/platform/Xilinx/DPRAM_BE.v:83]
WARNING: [VRFC 10-3091] actual bit length 32 differs from formal bit length 1 for port 'injectsbiterra' [/home/mahmoudsamy/grad/ZC702/platform/Xilinx/DPRAM_BE.v:86]
WARNING: [VRFC 10-3091] actual bit length 32 differs from formal bit length 1 for port 'regceb' [/home/mahmoudsamy/grad/ZC702/platform/Xilinx/DPRAM_BE.v:89]
WARNING: [VRFC 10-3091] actual bit length 32 differs from formal bit length 1 for port 'rstb' [/home/mahmoudsamy/grad/ZC702/platform/Xilinx/DPRAM_BE.v:91]
WARNING: [VRFC 10-3091] actual bit length 32 differs from formal bit length 1 for port 'sleep' [/home/mahmoudsamy/grad/ZC702/platform/Xilinx/DPRAM_BE.v:94]
WARNING: [VRFC 10-3091] actual bit length 32 differs from formal bit length 1 for port 's_axis_a_tvalid' [/home/mahmoudsamy/grad/ZC702/platform/Xilinx/FP32_ADDSUB.v:41]
WARNING: [VRFC 10-3091] actual bit length 32 differs from formal bit length 1 for port 's_axis_b_tvalid' [/home/mahmoudsamy/grad/ZC702/platform/Xilinx/FP32_ADDSUB.v:43]
WARNING: [VRFC 10-3091] actual bit length 32 differs from formal bit length 1 for port 's_axis_operation_tvalid' [/home/mahmoudsamy/grad/ZC702/platform/Xilinx/FP32_ADDSUB.v:45]
WARNING: [VRFC 10-3091] actual bit length 1 differs from formal bit length 8 for port 's_axis_operation_tdata' [/home/mahmoudsamy/grad/ZC702/platform/Xilinx/FP32_ADDSUB.v:46]
WARNING: [VRFC 10-3091] actual bit length 32 differs from formal bit length 1 for port 'ena' [/home/mahmoudsamy/grad/ZC702/platform/Xilinx/SPRAM.v:72]
WARNING: [VRFC 10-3091] actual bit length 32 differs from formal bit length 1 for port 'injectdbiterra' [/home/mahmoudsamy/grad/ZC702/platform/Xilinx/SPRAM.v:73]
WARNING: [VRFC 10-3091] actual bit length 32 differs from formal bit length 1 for port 'injectsbiterra' [/home/mahmoudsamy/grad/ZC702/platform/Xilinx/SPRAM.v:76]
WARNING: [VRFC 10-3091] actual bit length 32 differs from formal bit length 1 for port 'regcea' [/home/mahmoudsamy/grad/ZC702/platform/Xilinx/SPRAM.v:79]
WARNING: [VRFC 10-3091] actual bit length 32 differs from formal bit length 1 for port 'rsta' [/home/mahmoudsamy/grad/ZC702/platform/Xilinx/SPRAM.v:81]
WARNING: [VRFC 10-3091] actual bit length 32 differs from formal bit length 1 for port 'sleep' [/home/mahmoudsamy/grad/ZC702/platform/Xilinx/SPRAM.v:84]
WARNING: [VRFC 10-3091] actual bit length 32 differs from formal bit length 1 for port 'ena' [/home/mahmoudsamy/grad/ZC702/platform/Xilinx/SPRAM_BE.v:74]
WARNING: [VRFC 10-3091] actual bit length 32 differs from formal bit length 1 for port 'injectdbiterra' [/home/mahmoudsamy/grad/ZC702/platform/Xilinx/SPRAM_BE.v:75]
WARNING: [VRFC 10-3091] actual bit length 32 differs from formal bit length 1 for port 'injectsbiterra' [/home/mahmoudsamy/grad/ZC702/platform/Xilinx/SPRAM_BE.v:78]
WARNING: [VRFC 10-3091] actual bit length 32 differs from formal bit length 1 for port 'regcea' [/home/mahmoudsamy/grad/ZC702/platform/Xilinx/SPRAM_BE.v:81]
WARNING: [VRFC 10-3091] actual bit length 32 differs from formal bit length 1 for port 'rsta' [/home/mahmoudsamy/grad/ZC702/platform/Xilinx/SPRAM_BE.v:83]
WARNING: [VRFC 10-3091] actual bit length 32 differs from formal bit length 1 for port 'sleep' [/home/mahmoudsamy/grad/ZC702/platform/Xilinx/SPRAM_BE.v:86]
WARNING: [VRFC 10-5021] port 'ENET0_GMII_RXD' is not connected on this instance [/home/mahmoudsamy/grad/ZC702/ztachip_zc702/ztachip_zc702.ip_user_files/bd/zynq_bd/ip/zynq_bd_ps7_0/sim/zynq_bd_ps7_0.v:289]
WARNING: [VRFC 10-3027] 'ocm_wr_strb_port0' was previously declared with a different range [/wrk/ci/prod/2021.1/sw/continuous/3932/packages/customer/vivado/data/ip/xilinx/processing_system7_vip_v1_0/hdl/processing_system7_vip_v1_0_vl_rfs.sv:3809]
WARNING: [VRFC 10-3705] select index 64 into 'wrp_strb' is out of bounds [/wrk/ci/prod/2021.1/sw/continuous/3932/packages/customer/vivado/data/ip/xilinx/processing_system7_vip_v1_0/hdl/processing_system7_vip_v1_0_vl_rfs.sv:6134]
WARNING: [VRFC 10-3705] select index 128 into 'wrp_strb' is out of bounds [/wrk/ci/prod/2021.1/sw/continuous/3932/packages/customer/vivado/data/ip/xilinx/processing_system7_vip_v1_0/hdl/processing_system7_vip_v1_0_vl_rfs.sv:10898]
WARNING: [VRFC 10-3705] select index 128 into 'wrp_strb' is out of bounds [/wrk/ci/prod/2021.1/sw/continuous/3932/packages/customer/vivado/data/ip/xilinx/processing_system7_vip_v1_0/hdl/processing_system7_vip_v1_0_vl_rfs.sv:7772]
WARNING: [VRFC 10-3705] select index 4 into 'wr_fifo_rd_ptr' is out of bounds [/wrk/ci/prod/2021.1/sw/continuous/3932/packages/customer/vivado/data/ip/xilinx/processing_system7_vip_v1_0/hdl/processing_system7_vip_v1_0_vl_rfs.sv:7985]
WARNING: [VRFC 10-3705] select index 4 into 'ar_cnt' is out of bounds [/wrk/ci/prod/2021.1/sw/continuous/3932/packages/customer/vivado/data/ip/xilinx/processing_system7_vip_v1_0/hdl/processing_system7_vip_v1_0_vl_rfs.sv:8124]
WARNING: [VRFC 10-3705] select index 4 into 'wr_rresp_cnt' is out of bounds [/wrk/ci/prod/2021.1/sw/continuous/3932/packages/customer/vivado/data/ip/xilinx/processing_system7_vip_v1_0/hdl/processing_system7_vip_v1_0_vl_rfs.sv:8221]
WARNING: [VRFC 10-3705] select index 4 into 'rd_fifo_wr_ptr' is out of bounds [/wrk/ci/prod/2021.1/sw/continuous/3932/packages/customer/vivado/data/ip/xilinx/processing_system7_vip_v1_0/hdl/processing_system7_vip_v1_0_vl_rfs.sv:8240]
WARNING: [VRFC 10-3705] select index 4 into 'rd_cnt' is out of bounds [/wrk/ci/prod/2021.1/sw/continuous/3932/packages/customer/vivado/data/ip/xilinx/processing_system7_vip_v1_0/hdl/processing_system7_vip_v1_0_vl_rfs.sv:8381]
WARNING: [VRFC 10-3705] select index 4 into 'rresp_time_cnt' is out of bounds [/wrk/ci/prod/2021.1/sw/continuous/3932/packages/customer/vivado/data/ip/xilinx/processing_system7_vip_v1_0/hdl/processing_system7_vip_v1_0_vl_rfs.sv:8386]
WARNING: [VRFC 10-3705] select index 4 into 'rd_fifo_rd_ptr' is out of bounds [/wrk/ci/prod/2021.1/sw/continuous/3932/packages/customer/vivado/data/ip/xilinx/processing_system7_vip_v1_0/hdl/processing_system7_vip_v1_0_vl_rfs.sv:8391]
Completed static elaboration
Starting simulation data flow analysis
Completed simulation data flow analysis
ERROR: [XSIM 43-3316] Signal SIGSEGV received.
