12:56:57 **** Clean-only build of project ztachip_zc702_platform ****
buildplatform.sh 39727 ztachip_zc702_platform clean 
xsct% XSDB Server Channel: tcfchan#12
Cleaning the zynq_fsbl application.
rm -rf  fsbl_hooks.o  image_mover.o  main.o  md5.o  nand.o  nor.o  pcap.o  ps7_init.o  qspi.o  rsa.o  sd.o  fsbl_handoff.o zynq
_fsbl_bsp/ps7_cortexa9_0/lib/libxil.a fsbl.elf *.o

Cleaning the zynq_fsbl application, bsp
make -C ps7_cortexa9_0/libsrc/canps_v3_6/src -s clean 

make -C ps7_cortexa9_0/libsrc/coresightps_dcc_v1_8/src -s clean 

make -C ps7_cortexa9_0/libsrc/cpu_cortexa9_v2_11/src -s clean 

make -C ps7_cortexa9_0/libsrc/ddrps_v1_2/src -s clean 

make -C ps7_cortexa9_0/libsrc/devcfg_v3_7/src -s clean 

make -C ps7_cortexa9_0/libsrc/dmaps_v2_8/src -s clean 

make -C ps7_cortexa9_0/libsrc/emacps_v3_14/src -s clean 

make -C ps7_cortexa9_0/libsrc/gpiops_v3_9/src -s clean 

make -C ps7_cortexa9_0/libsrc/iicps_v3_13/src -s clean 

make -C ps7_cortexa9_0/libsrc/lwip211_v1_5/src -s clean 

make -C ps7_cortexa9_0/libsrc/qspips_v3_9/src -s clean 

make -C ps7_cortexa9_0/libsrc/scugic_v4_5/src -s clean 

make -C ps7_cortexa9_0/libsrc/scutimer_v2_3/src -s clean 

make -C ps7_cortexa9_0/libsrc/scuwdt_v2_4/src -s clean 

make -C ps7_cortexa9_0/libsrc/sdps_v3_12/src -s clean 

make -C ps7_cortexa9_0/libsrc/standalone_v7_5/src -s clean 

make -C ps7_cortexa9_0/libsrc/ttcps_v3_14/src -s clean 

make -C ps7_cortexa9_0/libsrc/uartps_v3_11/src -s clean 

make -C ps7_cortexa9_0/libsrc/usbps_v2_7/src -s clean 

make -C ps7_cortexa9_0/libsrc/xadcps_v2_6/src -s clean 

make -C ps7_cortexa9_0/libsrc/xilffs_v4_5/src -s clean 

make -C ps7_cortexa9_0/libsrc/xilflash_v4_9/src -s clean 

make -C ps7_cortexa9_0/libsrc/xilrsa_v1_6/src -s clean 

rm -f ps7_cortexa9_0/lib/libxil.a

Cleaning the BSP for domain  - standalone_domain
make -C ps7_cortexa9_0/libsrc/canps_v3_6/src -s clean 

make -C ps7_cortexa9_0/libsrc/coresightps_dcc_v1_8/src -s clean 

make -C ps7_cortexa9_0/libsrc/cpu_cortexa9_v2_11/src -s clean 

make -C ps7_cortexa9_0/libsrc/ddrps_v1_2/src -s clean 

make -C ps7_cortexa9_0/libsrc/devcfg_v3_7/src -s clean 

make -C ps7_cortexa9_0/libsrc/dmaps_v2_8/src -s clean 

make -C ps7_cortexa9_0/libsrc/emacps_v3_14/src -s clean 

make -C ps7_cortexa9_0/libsrc/gpiops_v3_9/src -s clean 

make -C ps7_cortexa9_0/libsrc/iicps_v3_13/src -s clean 

make -C ps7_cortexa9_0/libsrc/lwip211_v1_5/src -s clean 

make -C ps7_cortexa9_0/libsrc/qspips_v3_9/src -s clean 

make -C ps7_cortexa9_0/libsrc/scugic_v4_5/src -s clean 

make -C ps7_cortexa9_0/libsrc/scutimer_v2_3/src -s clean 

make -C ps7_cortexa9_0/libsrc/scuwdt_v2_4/src -s clean 

make -C ps7_cortexa9_0/libsrc/sdps_v3_12/src -s clean 

make -C ps7_cortexa9_0/libsrc/standalone_v7_5/src -s clean 

make -C ps7_cortexa9_0/libsrc/ttcps_v3_14/src -s clean 

make -C ps7_cortexa9_0/libsrc/uartps_v3_11/src -s clean 

make -C ps7_cortexa9_0/libsrc/usbps_v2_7/src -s clean 

make -C ps7_cortexa9_0/libsrc/xadcps_v2_6/src -s clean 

rm -f ps7_cortexa9_0/lib/libxil.a


12:57:03 Build Finished (took 6s.135ms)

