
*** Running vivado
    with args -log float_mul.vds -m64 -product Vivado -mode batch -messageDb vivado.pb -notrace -source float_mul.tcl


****** Vivado v2021.1 (64-bit)
  **** SW Build 3247384 on Thu Jun 10 19:36:07 MDT 2021
  **** IP Build 3246043 on Fri Jun 11 00:30:35 MDT 2021
    ** Copyright 1986-2021 Xilinx, Inc. All Rights Reserved.

source float_mul.tcl -notrace
Command: synth_design -top float_mul -part xc7z020clg484-1 -mode out_of_context
Starting synth_design
Attempting to get a license for feature 'Synthesis' and/or device 'xc7z020'
INFO: [Common 17-349] Got license for feature 'Synthesis' and/or device 'xc7z020'
INFO: [Device 21-403] Loading part xc7z020clg484-1
INFO: [Synth 8-7079] Multithreading enabled for synth_design using a maximum of 4 processes.
INFO: [Synth 8-7078] Launching helper process for spawning children vivado processes
INFO: [Synth 8-7075] Helper process launched with PID 40423
---------------------------------------------------------------------------------
Starting RTL Elaboration : Time (s): cpu = 00:00:02 ; elapsed = 00:00:03 . Memory (MB): peak = 2523.531 ; gain = 0.000 ; free physical = 237 ; free virtual = 1820
---------------------------------------------------------------------------------
INFO: [Synth 8-6157] synthesizing module 'float_mul' [/home/mahmoudsamy/grad/ZC702/ztachip_zc702/ztachip_zc702.gen/sources_1/ip/float_mul/synth/float_mul.v:60]
INFO: [Synth 8-6157] synthesizing module 'LUT1' [/tools/Xilinx/Vivado/2021.1/scripts/rt/data/unisim_comp.v:59102]
INFO: [Synth 8-6155] done synthesizing module 'LUT1' (1#1) [/tools/Xilinx/Vivado/2021.1/scripts/rt/data/unisim_comp.v:59102]
INFO: [Synth 8-6155] done synthesizing module 'float_mul' (18#1) [/home/mahmoudsamy/grad/ZC702/ztachip_zc702/ztachip_zc702.gen/sources_1/ip/float_mul/synth/float_mul.v:60]
---------------------------------------------------------------------------------
Finished RTL Elaboration : Time (s): cpu = 00:00:04 ; elapsed = 00:00:05 . Memory (MB): peak = 2523.531 ; gain = 0.000 ; free physical = 1459 ; free virtual = 2698
---------------------------------------------------------------------------------
---------------------------------------------------------------------------------
Start Handling Custom Attributes
---------------------------------------------------------------------------------
---------------------------------------------------------------------------------
Finished Handling Custom Attributes : Time (s): cpu = 00:00:04 ; elapsed = 00:00:05 . Memory (MB): peak = 2523.531 ; gain = 0.000 ; free physical = 1599 ; free virtual = 2849
---------------------------------------------------------------------------------
---------------------------------------------------------------------------------
Finished RTL Optimization Phase 1 : Time (s): cpu = 00:00:04 ; elapsed = 00:00:05 . Memory (MB): peak = 2523.531 ; gain = 0.000 ; free physical = 1599 ; free virtual = 2849
---------------------------------------------------------------------------------
Netlist sorting complete. Time (s): cpu = 00:00:00.01 ; elapsed = 00:00:00.01 . Memory (MB): peak = 2523.531 ; gain = 0.000 ; free physical = 1580 ; free virtual = 2839
INFO: [Netlist 29-17] Analyzing 31 Unisim elements for replacement
INFO: [Netlist 29-28] Unisim Transformation completed in 0 CPU seconds
INFO: [Project 1-570] Preparing netlist for logic optimization

Processing XDC Constraints
Initializing timing engine
Parsing XDC File [/home/mahmoudsamy/grad/ZC702/ztachip_zc702/ztachip_zc702.gen/sources_1/ip/float_mul/float_mul_ooc.xdc] for cell 'inst'
Finished Parsing XDC File [/home/mahmoudsamy/grad/ZC702/ztachip_zc702/ztachip_zc702.gen/sources_1/ip/float_mul/float_mul_ooc.xdc] for cell 'inst'
Parsing XDC File [/home/mahmoudsamy/grad/ZC702/ztachip_zc702/ztachip_zc702.runs/float_mul_synth_1/dont_touch.xdc]
Finished Parsing XDC File [/home/mahmoudsamy/grad/ZC702/ztachip_zc702/ztachip_zc702.runs/float_mul_synth_1/dont_touch.xdc]
Completed Processing XDC Constraints

Netlist sorting complete. Time (s): cpu = 00:00:00 ; elapsed = 00:00:00 . Memory (MB): peak = 2587.496 ; gain = 0.000 ; free physical = 1489 ; free virtual = 2783
INFO: [Project 1-111] Unisim Transformation Summary:
  A total of 3 instances were transformed.
  FDE => FDRE: 3 instances

Constraint Validation Runtime : Time (s): cpu = 00:00:00.01 ; elapsed = 00:00:00.02 . Memory (MB): peak = 2587.496 ; gain = 0.000 ; free physical = 1479 ; free virtual = 2775
---------------------------------------------------------------------------------
Finished Constraint Validation : Time (s): cpu = 00:00:07 ; elapsed = 00:00:09 . Memory (MB): peak = 2587.496 ; gain = 63.965 ; free physical = 1557 ; free virtual = 2864
---------------------------------------------------------------------------------
---------------------------------------------------------------------------------
Start Loading Part and Timing Information
---------------------------------------------------------------------------------
Loading part: xc7z020clg484-1
---------------------------------------------------------------------------------
Finished Loading Part and Timing Information : Time (s): cpu = 00:00:07 ; elapsed = 00:00:09 . Memory (MB): peak = 2587.496 ; gain = 63.965 ; free physical = 1557 ; free virtual = 2864
---------------------------------------------------------------------------------
---------------------------------------------------------------------------------
Start Applying 'set_property' XDC Constraints
---------------------------------------------------------------------------------
Applied set_property KEEP_HIERARCHY = SOFT for inst. (constraint file  /home/mahmoudsamy/grad/ZC702/ztachip_zc702/ztachip_zc702.runs/float_mul_synth_1/dont_touch.xdc, line 9).
---------------------------------------------------------------------------------
Finished applying 'set_property' XDC Constraints : Time (s): cpu = 00:00:07 ; elapsed = 00:00:09 . Memory (MB): peak = 2587.496 ; gain = 63.965 ; free physical = 1557 ; free virtual = 2863
---------------------------------------------------------------------------------
---------------------------------------------------------------------------------
Finished RTL Optimization Phase 2 : Time (s): cpu = 00:00:08 ; elapsed = 00:00:09 . Memory (MB): peak = 2587.496 ; gain = 63.965 ; free physical = 1514 ; free virtual = 2826
---------------------------------------------------------------------------------
INFO: [Synth 8-223] decloning instance 'inst/i_synth/DELAY_DIVIDE_BY_ZERO' (delay__parameterized1) to 'inst/i_synth/DELAY_ACCUM_OVERFLOW'
INFO: [Synth 8-223] decloning instance 'inst/i_synth/DELAY_DIVIDE_BY_ZERO' (delay__parameterized1) to 'inst/i_synth/DELAY_ACCUM_INPUT_OVERFLOW'
---------------------------------------------------------------------------------
Start RTL Component Statistics 
---------------------------------------------------------------------------------
---------------------------------------------------------------------------------
Finished RTL Component Statistics 
---------------------------------------------------------------------------------
---------------------------------------------------------------------------------
Start Part Resource Summary
---------------------------------------------------------------------------------
Part Resources:
DSPs: 220 (col length:60)
BRAMs: 280 (col length: RAMB18 60 RAMB36 30)
---------------------------------------------------------------------------------
Finished Part Resource Summary
---------------------------------------------------------------------------------
---------------------------------------------------------------------------------
Start Cross Boundary and Area Optimization
---------------------------------------------------------------------------------
---------------------------------------------------------------------------------
Finished Cross Boundary and Area Optimization : Time (s): cpu = 00:00:08 ; elapsed = 00:00:10 . Memory (MB): peak = 2587.496 ; gain = 63.965 ; free physical = 1501 ; free virtual = 2823
---------------------------------------------------------------------------------
---------------------------------------------------------------------------------
Start Applying XDC Timing Constraints
---------------------------------------------------------------------------------
---------------------------------------------------------------------------------
Finished Applying XDC Timing Constraints : Time (s): cpu = 00:00:11 ; elapsed = 00:00:13 . Memory (MB): peak = 2587.496 ; gain = 63.965 ; free physical = 1269 ; free virtual = 2668
---------------------------------------------------------------------------------
---------------------------------------------------------------------------------
Start Timing Optimization
---------------------------------------------------------------------------------
---------------------------------------------------------------------------------
Finished Timing Optimization : Time (s): cpu = 00:00:11 ; elapsed = 00:00:13 . Memory (MB): peak = 2587.496 ; gain = 63.965 ; free physical = 1269 ; free virtual = 2668
---------------------------------------------------------------------------------
---------------------------------------------------------------------------------
Start Technology Mapping
---------------------------------------------------------------------------------
---------------------------------------------------------------------------------
Finished Technology Mapping : Time (s): cpu = 00:00:11 ; elapsed = 00:00:13 . Memory (MB): peak = 2587.496 ; gain = 63.965 ; free physical = 1241 ; free virtual = 2641
---------------------------------------------------------------------------------
---------------------------------------------------------------------------------
Start IO Insertion
---------------------------------------------------------------------------------
---------------------------------------------------------------------------------
Start Flattening Before IO Insertion
---------------------------------------------------------------------------------
---------------------------------------------------------------------------------
Finished Flattening Before IO Insertion
---------------------------------------------------------------------------------
---------------------------------------------------------------------------------
Start Final Netlist Cleanup
---------------------------------------------------------------------------------
---------------------------------------------------------------------------------
Finished Final Netlist Cleanup
---------------------------------------------------------------------------------
---------------------------------------------------------------------------------
Finished IO Insertion : Time (s): cpu = 00:00:13 ; elapsed = 00:00:15 . Memory (MB): peak = 2587.496 ; gain = 63.965 ; free physical = 1181 ; free virtual = 2581
---------------------------------------------------------------------------------
---------------------------------------------------------------------------------
Start Renaming Generated Instances
---------------------------------------------------------------------------------
---------------------------------------------------------------------------------
Finished Renaming Generated Instances : Time (s): cpu = 00:00:13 ; elapsed = 00:00:15 . Memory (MB): peak = 2587.496 ; gain = 63.965 ; free physical = 1181 ; free virtual = 2581
---------------------------------------------------------------------------------
---------------------------------------------------------------------------------
Start Rebuilding User Hierarchy
---------------------------------------------------------------------------------
---------------------------------------------------------------------------------
Finished Rebuilding User Hierarchy : Time (s): cpu = 00:00:13 ; elapsed = 00:00:15 . Memory (MB): peak = 2587.496 ; gain = 63.965 ; free physical = 1181 ; free virtual = 2581
---------------------------------------------------------------------------------
---------------------------------------------------------------------------------
Start Renaming Generated Ports
---------------------------------------------------------------------------------
---------------------------------------------------------------------------------
Finished Renaming Generated Ports : Time (s): cpu = 00:00:13 ; elapsed = 00:00:15 . Memory (MB): peak = 2587.496 ; gain = 63.965 ; free physical = 1181 ; free virtual = 2581
---------------------------------------------------------------------------------
---------------------------------------------------------------------------------
Start Handling Custom Attributes
---------------------------------------------------------------------------------
---------------------------------------------------------------------------------
Finished Handling Custom Attributes : Time (s): cpu = 00:00:13 ; elapsed = 00:00:15 . Memory (MB): peak = 2587.496 ; gain = 63.965 ; free physical = 1181 ; free virtual = 2581
---------------------------------------------------------------------------------
---------------------------------------------------------------------------------
Start Renaming Generated Nets
---------------------------------------------------------------------------------
---------------------------------------------------------------------------------
Finished Renaming Generated Nets : Time (s): cpu = 00:00:13 ; elapsed = 00:00:15 . Memory (MB): peak = 2587.496 ; gain = 63.965 ; free physical = 1181 ; free virtual = 2581
---------------------------------------------------------------------------------
---------------------------------------------------------------------------------
Start Writing Synthesis Report
---------------------------------------------------------------------------------

Report BlackBoxes: 
+-+--------------+----------+
| |BlackBox name |Instances |
+-+--------------+----------+
+-+--------------+----------+

Report Cell Usage: 
+------+--------+------+
|      |Cell    |Count |
+------+--------+------+
|1     |DSP48E1 |     3|
|4     |LUT2    |    15|
|5     |LUT3    |     5|
|6     |LUT4    |     7|
|7     |LUT5    |    13|
|8     |LUT6    |    43|
|9     |MUXCY   |    16|
|10    |SRL16E  |     1|
|11    |XORCY   |     9|
|12    |FDE     |     3|
|13    |FDRE    |   125|
+------+--------+------+
---------------------------------------------------------------------------------
Finished Writing Synthesis Report : Time (s): cpu = 00:00:13 ; elapsed = 00:00:15 . Memory (MB): peak = 2587.496 ; gain = 63.965 ; free physical = 1181 ; free virtual = 2582
---------------------------------------------------------------------------------
Synthesis finished with 0 errors, 0 critical warnings and 0 warnings.
Synthesis Optimization Runtime : Time (s): cpu = 00:00:12 ; elapsed = 00:00:14 . Memory (MB): peak = 2587.496 ; gain = 0.000 ; free physical = 1231 ; free virtual = 2632
Synthesis Optimization Complete : Time (s): cpu = 00:00:13 ; elapsed = 00:00:15 . Memory (MB): peak = 2587.496 ; gain = 63.965 ; free physical = 1231 ; free virtual = 2633
INFO: [Project 1-571] Translating synthesized netlist
Netlist sorting complete. Time (s): cpu = 00:00:00 ; elapsed = 00:00:00 . Memory (MB): peak = 2587.496 ; gain = 0.000 ; free physical = 1221 ; free virtual = 2640
INFO: [Netlist 29-17] Analyzing 31 Unisim elements for replacement
INFO: [Netlist 29-28] Unisim Transformation completed in 0 CPU seconds
INFO: [Project 1-570] Preparing netlist for logic optimization
INFO: [Opt 31-138] Pushed 0 inverter(s) to 0 load pin(s).
Netlist sorting complete. Time (s): cpu = 00:00:00 ; elapsed = 00:00:00 . Memory (MB): peak = 2587.496 ; gain = 0.000 ; free physical = 1202 ; free virtual = 2683
INFO: [Project 1-111] Unisim Transformation Summary:
  A total of 8 instances were transformed.
  (MUXCY,XORCY) => CARRY4: 5 instances
  FDE => FDRE: 3 instances

Synth Design complete, checksum: 2a09d4d
INFO: [Common 17-83] Releasing license: Synthesis
22 Infos, 0 Warnings, 0 Critical Warnings and 0 Errors encountered.
synth_design completed successfully
synth_design: Time (s): cpu = 00:00:18 ; elapsed = 00:00:17 . Memory (MB): peak = 2587.496 ; gain = 64.031 ; free physical = 1310 ; free virtual = 2791
INFO: [Common 17-1381] The checkpoint '/home/mahmoudsamy/grad/ZC702/ztachip_zc702/ztachip_zc702.runs/float_mul_synth_1/float_mul.dcp' has been generated.
INFO: [Coretcl 2-1648] Added synthesis output to IP cache for IP float_mul, cache-ID = d17c6a9071fad573
INFO: [Coretcl 2-1174] Renamed 60 cell refs.
INFO: [Common 17-1381] The checkpoint '/home/mahmoudsamy/grad/ZC702/ztachip_zc702/ztachip_zc702.runs/float_mul_synth_1/float_mul.dcp' has been generated.
INFO: [runtcl-4] Executing : report_utilization -file float_mul_utilization_synth.rpt -pb float_mul_utilization_synth.pb
INFO: [Common 17-206] Exiting Vivado at Wed Apr 29 23:01:21 2026...
