13:04:10 INFO  : Launching XSCT server: xsct -n  -interactive /home/mahmoudsamy/grad/ZC702/vitis_ws/temp_xsdb_launch_script.tcl
13:04:12 INFO  : Platform repository initialization has completed.
13:04:12 INFO  : Registering command handlers for Vitis TCF services
13:04:13 INFO  : XSCT server has started successfully.
13:04:13 INFO  : plnx-install-location is set to ''
13:04:13 INFO  : Successfully done setting XSCT server connection channel  
13:04:13 INFO  : Successfully done setting workspace for the tool. 
13:04:13 INFO  : Successfully done query RDI_DATADIR 
13:13:47 ERROR : (XSDB Server)Terminated

13:48:14 INFO  : Launching XSCT server: xsct -n  -interactive /home/mahmoudsamy/grad/ZC702/vitis_ws/temp_xsdb_launch_script.tcl
13:48:16 INFO  : Platform repository initialization has completed.
13:48:16 INFO  : Registering command handlers for Vitis TCF services
13:48:16 INFO  : XSCT server has started successfully.
13:48:16 INFO  : Successfully done setting XSCT server connection channel  
13:48:16 INFO  : plnx-install-location is set to ''
13:48:16 INFO  : Successfully done setting workspace for the tool. 
13:48:16 INFO  : Successfully done query RDI_DATADIR 
14:24:05 INFO  : Launching XSCT server: xsct -n  -interactive /home/mahmoudsamy/grad/ZC702/vitis_ws/temp_xsdb_launch_script.tcl
14:24:07 INFO  : Platform repository initialization has completed.
14:24:07 INFO  : Registering command handlers for Vitis TCF services
14:24:08 INFO  : XSCT server has started successfully.
14:24:08 INFO  : Successfully done setting XSCT server connection channel  
14:24:08 INFO  : plnx-install-location is set to ''
14:24:08 INFO  : Successfully done setting workspace for the tool. 
14:24:08 INFO  : Successfully done query RDI_DATADIR 
